{
 "configs": [
  {
   "@type": "type.googleapis.com/envoy.admin.v3.BootstrapConfigDump",
   "bootstrap": {
    "node": {
     "id": "gateway-proxy-65f4b5c9f8-fmmk2.gloo-system",
     "cluster": "gateway",
     "metadata": {
      "role": "gloo-system~gateway-proxy"
     },
     "hidden_envoy_deprecated_build_version": "fde3ade500143e2dc6e07cfee743c1958cb5933e/1.15.0-dev/Distribution/RELEASE/BoringSSL",
     "user_agent_name": "envoy",
     "user_agent_build_version": {
      "version": {
       "major_number": 1,
       "minor_number": 15
      },
      "metadata": {
       "build.label": "dev",
       "build.type": "RELEASE",
       "ssl.version": "BoringSSL",
       "revision.status": "Distribution",
       "revision.sha": "fde3ade500143e2dc6e07cfee743c1958cb5933e"
      }
     },
     "extensions": [
      {
       "name": "envoy.compression.gzip.decompressor",
       "category": "envoy.compression.decompressor"
      },
      {
       "name": "default",
       "category": "envoy.dubbo_proxy.route_matchers"
      },
      {
       "name": "envoy.filters.thrift.rate_limit",
       "category": "envoy.thrift_proxy.filters"
      },
      {
       "name": "envoy.filters.thrift.router",
       "category": "envoy.thrift_proxy.filters"
      },
      {
       "name": "envoy.access_loggers.file",
       "category": "envoy.access_loggers"
      },
      {
       "name": "envoy.access_loggers.http_grpc",
       "category": "envoy.access_loggers"
      },
      {
       "name": "envoy.access_loggers.tcp_grpc",
       "category": "envoy.access_loggers"
      },
      {
       "name": "envoy.file_access_log",
       "category": "envoy.access_loggers"
      },
      {
       "name": "envoy.http_grpc_access_log",
       "category": "envoy.access_loggers"
      },
      {
       "name": "envoy.tcp_grpc_access_log",
       "category": "envoy.access_loggers"
      },
      {
       "name": "envoy.grpc_credentials.aws_iam",
       "category": "envoy.grpc_credentials"
      },
      {
       "name": "envoy.grpc_credentials.default",
       "category": "envoy.grpc_credentials"
      },
      {
       "name": "envoy.grpc_credentials.file_based_metadata",
       "category": "envoy.grpc_credentials"
      },
      {
       "name": "envoy.dog_statsd",
       "category": "envoy.stats_sinks"
      },
      {
       "name": "envoy.metrics_service",
       "category": "envoy.stats_sinks"
      },
      {
       "name": "envoy.stat_sinks.dog_statsd",
       "category": "envoy.stats_sinks"
      },
      {
       "name": "envoy.stat_sinks.hystrix",
       "category": "envoy.stats_sinks"
      },
      {
       "name": "envoy.stat_sinks.metrics_service",
       "category": "envoy.stats_sinks"
      },
      {
       "name": "envoy.stat_sinks.statsd",
       "category": "envoy.stats_sinks"
      },
      {
       "name": "envoy.statsd",
       "category": "envoy.stats_sinks"
      },
      {
       "name": "envoy.dynamic.ot",
       "category": "envoy.tracers"
      },
      {
       "name": "envoy.lightstep",
       "category": "envoy.tracers"
      },
      {
       "name": "envoy.tracers.datadog",
       "category": "envoy.tracers"
      },
      {
       "name": "envoy.tracers.dynamic_ot",
       "category": "envoy.tracers"
      },
      {
       "name": "envoy.tracers.lightstep",
       "category": "envoy.tracers"
      },
      {
       "name": "envoy.tracers.opencensus",
       "category": "envoy.tracers"
      },
      {
       "name": "envoy.tracers.xray",
       "category": "envoy.tracers"
      },
      {
       "name": "envoy.tracers.zipkin",
       "category": "envoy.tracers"
      },
      {
       "name": "envoy.zipkin",
       "category": "envoy.tracers"
      },
      {
       "name": "auto",
       "category": "envoy.thrift_proxy.transports"
      },
      {
       "name": "framed",
       "category": "envoy.thrift_proxy.transports"
      },
      {
       "name": "header",
       "category": "envoy.thrift_proxy.transports"
      },
      {
       "name": "unframed",
       "category": "envoy.thrift_proxy.transports"
      },
      {
       "name": "envoy.filters.listener.http_inspector",
       "category": "envoy.filters.listener"
      },
      {
       "name": "envoy.filters.listener.original_dst",
       "category": "envoy.filters.listener"
      },
      {
       "name": "envoy.filters.listener.original_src",
       "category": "envoy.filters.listener"
      },
      {
       "name": "envoy.filters.listener.proxy_protocol",
       "category": "envoy.filters.listener"
      },
      {
       "name": "envoy.filters.listener.tls_inspector",
       "category": "envoy.filters.listener"
      },
      {
       "name": "envoy.listener.http_inspector",
       "category": "envoy.filters.listener"
      },
      {
       "name": "envoy.listener.original_dst",
       "category": "envoy.filters.listener"
      },
      {
       "name": "envoy.listener.original_src",
       "category": "envoy.filters.listener"
      },
      {
       "name": "envoy.listener.proxy_protocol",
       "category": "envoy.filters.listener"
      },
      {
       "name": "envoy.listener.tls_inspector",
       "category": "envoy.filters.listener"
      },
      {
       "name": "dubbo.hessian2",
       "category": "envoy.dubbo_proxy.serializers"
      },
      {
       "name": "envoy.retry_host_predicates.omit_canary_hosts",
       "category": "envoy.retry_host_predicates"
      },
      {
       "name": "envoy.retry_host_predicates.omit_host_metadata",
       "category": "envoy.retry_host_predicates"
      },
      {
       "name": "envoy.retry_host_predicates.previous_hosts",
       "category": "envoy.retry_host_predicates"
      },
      {
       "name": "envoy.cluster.eds",
       "category": "envoy.clusters"
      },
      {
       "name": "envoy.cluster.logical_dns",
       "category": "envoy.clusters"
      },
      {
       "name": "envoy.cluster.original_dst",
       "category": "envoy.clusters"
      },
      {
       "name": "envoy.cluster.static",
       "category": "envoy.clusters"
      },
      {
       "name": "envoy.cluster.strict_dns",
       "category": "envoy.clusters"
      },
      {
       "name": "envoy.clusters.aggregate",
       "category": "envoy.clusters"
      },
      {
       "name": "envoy.clusters.dynamic_forward_proxy",
       "category": "envoy.clusters"
      },
      {
       "name": "envoy.clusters.redis",
       "category": "envoy.clusters"
      },
      {
       "name": "dubbo",
       "category": "envoy.dubbo_proxy.protocols"
      },
      {
       "name": "envoy.buffer",
       "category": "envoy.filters.http"
      },
      {
       "name": "envoy.cors",
       "category": "envoy.filters.http"
      },
      {
       "name": "envoy.csrf",
       "category": "envoy.filters.http"
      },
      {
       "name": "envoy.ext_authz",
       "category": "envoy.filters.http"
      },
      {
       "name": "envoy.fault",
       "category": "envoy.filters.http"
      },
      {
       "name": "envoy.filters.http.adaptive_concurrency",
       "category": "envoy.filters.http"
      },
      {
       "name": "envoy.filters.http.aws_lambda",
       "category": "envoy.filters.http"
      },
      {
       "name": "envoy.filters.http.aws_request_signing",
       "category": "envoy.filters.http"
      },
      {
       "name": "envoy.filters.http.buffer",
       "category": "envoy.filters.http"
      },
      {
       "name": "envoy.filters.http.cache",
       "category": "envoy.filters.http"
      },
      {
       "name": "envoy.filters.http.compressor",
       "category": "envoy.filters.http"
      },
      {
       "name": "envoy.filters.http.cors",
       "category": "envoy.filters.http"
      },
      {
       "name": "envoy.filters.http.csrf",
       "category": "envoy.filters.http"
      },
      {
       "name": "envoy.filters.http.decompressor",
       "category": "envoy.filters.http"
      },
      {
       "name": "envoy.filters.http.dynamic_forward_proxy",
       "category": "envoy.filters.http"
      },
      {
       "name": "envoy.filters.http.dynamo",
       "category": "envoy.filters.http"
      },
      {
       "name": "envoy.filters.http.ext_authz",
       "category": "envoy.filters.http"
      },
      {
       "name": "envoy.filters.http.fault",
       "category": "envoy.filters.http"
      },
      {
       "name": "envoy.filters.http.grpc_http1_bridge",
       "category": "envoy.filters.http"
      },
      {
       "name": "envoy.filters.http.grpc_http1_reverse_bridge",
       "category": "envoy.filters.http"
      },
      {
       "name": "envoy.filters.http.grpc_json_transcoder",
       "category": "envoy.filters.http"
      },
      {
       "name": "envoy.filters.http.grpc_stats",
       "category": "envoy.filters.http"
      },
      {
       "name": "envoy.filters.http.grpc_web",
       "category": "envoy.filters.http"
      },
      {
       "name": "envoy.filters.http.gzip",
       "category": "envoy.filters.http"
      },
      {
       "name": "envoy.filters.http.header_to_metadata",
       "category": "envoy.filters.http"
      },
      {
       "name": "envoy.filters.http.health_check",
       "category": "envoy.filters.http"
      },
      {
       "name": "envoy.filters.http.ip_tagging",
       "category": "envoy.filters.http"
      },
      {
       "name": "envoy.filters.http.jwt_authn",
       "category": "envoy.filters.http"
      },
      {
       "name": "envoy.filters.http.lua",
       "category": "envoy.filters.http"
      },
      {
       "name": "envoy.filters.http.on_demand",
       "category": "envoy.filters.http"
      },
      {
       "name": "envoy.filters.http.original_src",
       "category": "envoy.filters.http"
      },
      {
       "name": "envoy.filters.http.ratelimit",
       "category": "envoy.filters.http"
      },
      {
       "name": "envoy.filters.http.rbac",
       "category": "envoy.filters.http"
      },
      {
       "name": "envoy.filters.http.router",
       "category": "envoy.filters.http"
      },
      {
       "name": "envoy.filters.http.squash",
       "category": "envoy.filters.http"
      },
      {
       "name": "envoy.filters.http.tap",
       "category": "envoy.filters.http"
      },
      {
       "name": "envoy.grpc_http1_bridge",
       "category": "envoy.filters.http"
      },
      {
       "name": "envoy.grpc_json_transcoder",
       "category": "envoy.filters.http"
      },
      {
       "name": "envoy.grpc_web",
       "category": "envoy.filters.http"
      },
      {
       "name": "envoy.gzip",
       "category": "envoy.filters.http"
      },
      {
       "name": "envoy.health_check",
       "category": "envoy.filters.http"
      },
      {
       "name": "envoy.http_dynamo_filter",
       "category": "envoy.filters.http"
      },
      {
       "name": "envoy.ip_tagging",
       "category": "envoy.filters.http"
      },
      {
       "name": "envoy.lua",
       "category": "envoy.filters.http"
      },
      {
       "name": "envoy.rate_limit",
       "category": "envoy.filters.http"
      },
      {
       "name": "envoy.router",
       "category": "envoy.filters.http"
      },
      {
       "name": "envoy.squash",
       "category": "envoy.filters.http"
      },
      {
       "name": "io.solo.aws_lambda",
       "category": "envoy.filters.http"
      },
      {
       "name": "io.solo.nats_streaming",
       "category": "envoy.filters.http"
      },
      {
       "name": "io.solo.transformation",
       "category": "envoy.filters.http"
      },
      {
       "name": "envoy.health_checkers.redis",
       "category": "envoy.health_checkers"
      },
      {
       "name": "envoy.filters.udp.dns_filter",
       "category": "envoy.filters.udp_listener"
      },
      {
       "name": "envoy.filters.udp_listener.udp_proxy",
       "category": "envoy.filters.udp_listener"
      },
      {
       "name": "envoy.extensions.http.cache.simple",
       "category": "http_cache_factory"
      },
      {
       "name": "raw_udp_listener",
       "category": "envoy.udp_listeners"
      },
      {
       "name": "envoy.ip",
       "category": "envoy.resolvers"
      },
      {
       "name": "envoy.resource_monitors.fixed_heap",
       "category": "envoy.resource_monitors"
      },
      {
       "name": "envoy.resource_monitors.injected_resource",
       "category": "envoy.resource_monitors"
      },
      {
       "name": "envoy.client_ssl_auth",
       "category": "envoy.filters.network"
      },
      {
       "name": "envoy.echo",
       "category": "envoy.filters.network"
      },
      {
       "name": "envoy.ext_authz",
       "category": "envoy.filters.network"
      },
      {
       "name": "envoy.filters.network.client_ssl_auth",
       "category": "envoy.filters.network"
      },
      {
       "name": "envoy.filters.network.direct_response",
       "category": "envoy.filters.network"
      },
      {
       "name": "envoy.filters.network.dubbo_proxy",
       "category": "envoy.filters.network"
      },
      {
       "name": "envoy.filters.network.echo",
       "category": "envoy.filters.network"
      },
      {
       "name": "envoy.filters.network.ext_authz",
       "category": "envoy.filters.network"
      },
      {
       "name": "envoy.filters.network.http_connection_manager",
       "category": "envoy.filters.network"
      },
      {
       "name": "envoy.filters.network.kafka_broker",
       "category": "envoy.filters.network"
      },
      {
       "name": "envoy.filters.network.local_ratelimit",
       "category": "envoy.filters.network"
      },
      {
       "name": "envoy.filters.network.mongo_proxy",
       "category": "envoy.filters.network"
      },
      {
       "name": "envoy.filters.network.mysql_proxy",
       "category": "envoy.filters.network"
      },
      {
       "name": "envoy.filters.network.postgres_proxy",
       "category": "envoy.filters.network"
      },
      {
       "name": "envoy.filters.network.ratelimit",
       "category": "envoy.filters.network"
      },
      {
       "name": "envoy.filters.network.rbac",
       "category": "envoy.filters.network"
      },
      {
       "name": "envoy.filters.network.redis_proxy",
       "category": "envoy.filters.network"
      },
      {
       "name": "envoy.filters.network.rocketmq_proxy",
       "category": "envoy.filters.network"
      },
      {
       "name": "envoy.filters.network.sni_cluster",
       "category": "envoy.filters.network"
      },
      {
       "name": "envoy.filters.network.sni_dynamic_forward_proxy",
       "category": "envoy.filters.network"
      },
      {
       "name": "envoy.filters.network.tcp_proxy",
       "category": "envoy.filters.network"
      },
      {
       "name": "envoy.filters.network.thrift_proxy",
       "category": "envoy.filters.network"
      },
      {
       "name": "envoy.filters.network.zookeeper_proxy",
       "category": "envoy.filters.network"
      },
      {
       "name": "envoy.http_connection_manager",
       "category": "envoy.filters.network"
      },
      {
       "name": "envoy.mongo_proxy",
       "category": "envoy.filters.network"
      },
      {
       "name": "envoy.ratelimit",
       "category": "envoy.filters.network"
      },
      {
       "name": "envoy.redis_proxy",
       "category": "envoy.filters.network"
      },
      {
       "name": "envoy.tcp_proxy",
       "category": "envoy.filters.network"
      },
      {
       "name": "envoy.internal_redirect_predicates.allow_listed_routes",
       "category": "envoy.internal_redirect_predicates"
      },
      {
       "name": "envoy.internal_redirect_predicates.previous_routes",
       "category": "envoy.internal_redirect_predicates"
      },
      {
       "name": "envoy.internal_redirect_predicates.safe_cross_scheme",
       "category": "envoy.internal_redirect_predicates"
      },
      {
       "name": "envoy.transport_sockets.alts",
       "category": "envoy.transport_sockets.downstream"
      },
      {
       "name": "envoy.transport_sockets.raw_buffer",
       "category": "envoy.transport_sockets.downstream"
      },
      {
       "name": "envoy.transport_sockets.tap",
       "category": "envoy.transport_sockets.downstream"
      },
      {
       "name": "envoy.transport_sockets.tls",
       "category": "envoy.transport_sockets.downstream"
      },
      {
       "name": "raw_buffer",
       "category": "envoy.transport_sockets.downstream"
      },
      {
       "name": "tls",
       "category": "envoy.transport_sockets.downstream"
      },
      {
       "name": "envoy.transport_sockets.alts",
       "category": "envoy.transport_sockets.upstream"
      },
      {
       "name": "envoy.transport_sockets.raw_buffer",
       "category": "envoy.transport_sockets.upstream"
      },
      {
       "name": "envoy.transport_sockets.tap",
       "category": "envoy.transport_sockets.upstream"
      },
      {
       "name": "envoy.transport_sockets.tls",
       "category": "envoy.transport_sockets.upstream"
      },
      {
       "name": "raw_buffer",
       "category": "envoy.transport_sockets.upstream"
      },
      {
       "name": "tls",
       "category": "envoy.transport_sockets.upstream"
      },
      {
       "name": "auto",
       "category": "envoy.thrift_proxy.protocols"
      },
      {
       "name": "binary",
       "category": "envoy.thrift_proxy.protocols"
      },
      {
       "name": "binary/non-strict",
       "category": "envoy.thrift_proxy.protocols"
      },
      {
       "name": "compact",
       "category": "envoy.thrift_proxy.protocols"
      },
      {
       "name": "twitter",
       "category": "envoy.thrift_proxy.protocols"
      },
      {
       "name": "envoy.retry_priorities.previous_priorities",
       "category": "envoy.retry_priorities"
      },
      {
       "name": "envoy.compression.gzip.compressor",
       "category": "envoy.compression.compressor"
      },
      {
       "name": "envoy.filters.dubbo.router",
       "category": "envoy.dubbo_proxy.filters"
      }
     ]
    },
    "static_resources": {
     "listeners": [
      {
       "name": "prometheus_listener",
       "address": {
        "socket_address": {
         "address": "0.0.0.0",
         "port_value": 8081
        }
       },
       "filter_chains": [
        {
         "filters": [
          {
           "name": "envoy.http_connection_manager",
           "hidden_envoy_deprecated_config": {
            "codec_type": "auto",
            "http_filters": [
             {
              "name": "envoy.router",
              "config": {}
             }
            ],
            "stat_prefix": "prometheus",
            "route_config": {
             "virtual_hosts": [
              {
               "name": "prometheus_host",
               "routes": [
                {
                 "match": {
                  "path": "/ready",
                  "headers": [
                   {
                    "exact_match": "GET",
                    "name": ":method"
                   }
                  ]
                 },
                 "route": {
                  "cluster": "admin_port_cluster"
                 }
                },
                {
                 "route": {
                  "cluster": "admin_port_cluster",
                  "prefix_rewrite": "/stats/prometheus"
                 },
                 "match": {
                  "prefix": "/metrics",
                  "headers": [
                   {
                    "name": ":method",
                    "exact_match": "GET"
                   }
                  ]
                 }
                }
               ],
               "domains": [
                "*"
               ]
              }
             ],
             "name": "prometheus_route"
            }
           }
          }
         ]
        }
       ]
      }
     ],
     "clusters": [
      {
       "name": "gloo.gloo-system.svc.cluster.local:9977",
       "type": "STRICT_DNS",
       "connect_timeout": "5s",
       "http2_protocol_options": {},
       "alt_stat_name": "xds_cluster",
       "upstream_connection_options": {
        "tcp_keepalive": {}
       },
       "load_assignment": {
        "cluster_name": "gloo.gloo-system.svc.cluster.local:9977",
        "endpoints": [
         {
          "lb_endpoints": [
           {
            "endpoint": {
             "address": {
              "socket_address": {
               "address": "gloo.gloo-system.svc.cluster.local",
               "port_value": 9977
              }
             }
            }
           }
          ]
         }
        ]
       },
       "respect_dns_ttl": true
      },
      {
       "name": "wasm-cache",
       "type": "STRICT_DNS",
       "connect_timeout": "5s",
       "upstream_connection_options": {
        "tcp_keepalive": {}
       },
       "load_assignment": {
        "cluster_name": "wasm-cache",
        "endpoints": [
         {
          "lb_endpoints": [
           {
            "endpoint": {
             "address": {
              "socket_address": {
               "address": "gloo.gloo-system.svc.cluster.local",
               "port_value": 9979
              }
             }
            }
           }
          ]
         }
        ]
       },
       "respect_dns_ttl": true
      },
      {
       "name": "gloo.gloo-system.svc.cluster.local:9966",
       "type": "STRICT_DNS",
       "connect_timeout": "5s",
       "http2_protocol_options": {},
       "alt_stat_name": "metrics_cluster",
       "load_assignment": {
        "cluster_name": "gloo.gloo-system.svc.cluster.local:9966",
        "endpoints": [
         {
          "lb_endpoints": [
           {
            "endpoint": {
             "address": {
              "socket_address": {
               "address": "gloo.gloo-system.svc.cluster.local",
               "port_value": 9966
              }
             }
            }
           }
          ]
         }
        ]
       }
      },
      {
       "name": "admin_port_cluster",
       "type": "STATIC",
       "connect_timeout": "5s",
       "load_assignment": {
        "cluster_name": "admin_port_cluster",
        "endpoints": [
         {
          "lb_endpoints": [
           {
            "endpoint": {
             "address": {
              "socket_address": {
               "address": "127.0.0.1",
               "port_value": 19000
              }
             }
            }
           }
          ]
         }
        ]
       }
      }
     ]
    },
    "dynamic_resources": {
     "lds_config": {
      "ads": {}
     },
     "cds_config": {
      "ads": {}
     },
     "ads_config": {
      "api_type": "GRPC",
      "grpc_services": [
       {
        "envoy_grpc": {
         "cluster_name": "gloo.gloo-system.svc.cluster.local:9977"
        }
       }
      ],
      "rate_limit_settings": {}
     }
    },
    "stats_sinks": [
     {
      "name": "envoy.metrics_service",
      "hidden_envoy_deprecated_config": {
       "grpc_service": {
        "envoy_grpc": {
         "cluster_name": "gloo.gloo-system.svc.cluster.local:9966"
        }
       }
      }
     }
    ],
    "admin": {
     "access_log_path": "/dev/null",
     "address": {
      "socket_address": {
       "address": "127.0.0.1",
       "port_value": 19000
      }
     }
    }
   },
   "last_updated": "2020-06-17T17:39:57.909Z"
  },
  {
   "@type": "type.googleapis.com/envoy.admin.v3.ClustersConfigDump",
   "version_info": "6888522854814773442",
   "static_clusters": [
    {
     "cluster": {
      "@type": "type.googleapis.com/envoy.api.v2.Cluster",
      "name": "admin_port_cluster",
      "type": "STATIC",
      "connect_timeout": "5s",
      "load_assignment": {
       "cluster_name": "admin_port_cluster",
       "endpoints": [
        {
         "lb_endpoints": [
          {
           "endpoint": {
            "address": {
             "socket_address": {
              "address": "127.0.0.1",
              "port_value": 19000
             }
            }
           }
          }
         ]
        }
       ]
      }
     },
     "last_updated": "2020-06-17T17:39:57.913Z"
    },
    {
     "cluster": {
      "@type": "type.googleapis.com/envoy.api.v2.Cluster",
      "name": "gloo.gloo-system.svc.cluster.local:9966",
      "type": "STRICT_DNS",
      "connect_timeout": "5s",
      "http2_protocol_options": {},
      "alt_stat_name": "metrics_cluster",
      "load_assignment": {
       "cluster_name": "gloo.gloo-system.svc.cluster.local:9966",
       "endpoints": [
        {
         "lb_endpoints": [
          {
           "endpoint": {
            "address": {
             "socket_address": {
              "address": "gloo.gloo-system.svc.cluster.local",
              "port_value": 9966
             }
            }
           }
          }
         ]
        }
       ]
      }
     },
     "last_updated": "2020-06-17T17:39:57.912Z"
    },
    {
     "cluster": {
      "@type": "type.googleapis.com/envoy.api.v2.Cluster",
      "name": "gloo.gloo-system.svc.cluster.local:9977",
      "type": "STRICT_DNS",
      "connect_timeout": "5s",
      "http2_protocol_options": {},
      "alt_stat_name": "xds_cluster",
      "upstream_connection_options": {
       "tcp_keepalive": {}
      },
      "load_assignment": {
       "cluster_name": "gloo.gloo-system.svc.cluster.local:9977",
       "endpoints": [
        {
         "lb_endpoints": [
          {
           "endpoint": {
            "address": {
             "socket_address": {
              "address": "gloo.gloo-system.svc.cluster.local",
              "port_value": 9977
             }
            }
           }
          }
         ]
        }
       ]
      },
      "respect_dns_ttl": true
     },
     "last_updated": "2020-06-17T17:39:57.911Z"
    },
    {
     "cluster": {
      "@type": "type.googleapis.com/envoy.api.v2.Cluster",
      "name": "wasm-cache",
      "type": "STRICT_DNS",
      "connect_timeout": "5s",
      "upstream_connection_options": {
       "tcp_keepalive": {}
      },
      "load_assignment": {
       "cluster_name": "wasm-cache",
       "endpoints": [
        {
         "lb_endpoints": [
          {
           "endpoint": {
            "address": {
             "socket_address": {
              "address": "gloo.gloo-system.svc.cluster.local",
              "port_value": 9979
             }
            }
           }
          }
         ]
        }
       ]
      },
      "respect_dns_ttl": true
     },
     "last_updated": "2020-06-17T17:39:57.912Z"
    }
   ],
   "dynamic_active_clusters": [
    {
     "version_info": "6888522854814773442",
     "cluster": {
      "@type": "type.googleapis.com/envoy.api.v2.Cluster",
      "name": "api-poi-api-8080_gloo-system",
      "type": "EDS",
      "eds_cluster_config": {
       "eds_config": {
        "ads": {}
       }
      },
      "connect_timeout": "5s",
      "metadata": {}
     },
     "last_updated": "2020-06-18T00:56:15.192Z"
    },
    {
     "version_info": "6888522854814773442",
     "cluster": {
      "@type": "type.googleapis.com/envoy.api.v2.Cluster",
      "name": "api-trips-api-8080_gloo-system",
      "type": "EDS",
      "eds_cluster_config": {
       "eds_config": {
        "ads": {}
       }
      },
      "connect_timeout": "5s",
      "metadata": {}
     },
     "last_updated": "2020-06-18T00:56:15.182Z"
    },
    {
     "version_info": "6888522854814773442",
     "cluster": {
      "@type": "type.googleapis.com/envoy.api.v2.Cluster",
      "name": "api-user-api-8080_gloo-system",
      "type": "EDS",
      "eds_cluster_config": {
       "eds_config": {
        "ads": {}
       }
      },
      "connect_timeout": "5s",
      "metadata": {}
     },
     "last_updated": "2020-06-18T00:56:15.176Z"
    },
    {
     "version_info": "6888522854814773442",
     "cluster": {
      "@type": "type.googleapis.com/envoy.api.v2.Cluster",
      "name": "api-userprofile-8080_gloo-system",
      "type": "EDS",
      "eds_cluster_config": {
       "eds_config": {
        "ads": {}
       }
      },
      "connect_timeout": "5s",
      "metadata": {}
     },
     "last_updated": "2020-06-18T00:56:15.173Z"
    },
    {
     "version_info": "6888522854814773442",
     "cluster": {
      "@type": "type.googleapis.com/envoy.api.v2.Cluster",
      "name": "default-kubernetes-443_gloo-system",
      "type": "EDS",
      "eds_cluster_config": {
       "eds_config": {
        "ads": {}
       }
      },
      "connect_timeout": "5s",
      "metadata": {}
     },
     "last_updated": "2020-06-18T00:56:15.188Z"
    },
    {
     "version_info": "6888522854814773442",
     "cluster": {
      "@type": "type.googleapis.com/envoy.api.v2.Cluster",
      "name": "gloo-system-gateway-443_gloo-system",
      "type": "EDS",
      "eds_cluster_config": {
       "eds_config": {
        "ads": {}
       }
      },
      "connect_timeout": "5s",
      "metadata": {}
     },
     "last_updated": "2020-06-18T00:56:15.178Z"
    },
    {
     "version_info": "6888522854814773442",
     "cluster": {
      "@type": "type.googleapis.com/envoy.api.v2.Cluster",
      "name": "gloo-system-gateway-proxy-443_gloo-system",
      "type": "EDS",
      "eds_cluster_config": {
       "eds_config": {
        "ads": {}
       }
      },
      "connect_timeout": "5s",
      "metadata": {}
     },
     "last_updated": "2020-06-18T00:56:15.193Z"
    },
    {
     "version_info": "6888522854814773442",
     "cluster": {
      "@type": "type.googleapis.com/envoy.api.v2.Cluster",
      "name": "gloo-system-gateway-proxy-80_gloo-system",
      "type": "EDS",
      "eds_cluster_config": {
       "eds_config": {
        "ads": {}
       }
      },
      "connect_timeout": "5s",
      "metadata": {}
     },
     "last_updated": "2020-06-18T00:56:15.179Z"
    },
    {
     "version_info": "6888522854814773442",
     "cluster": {
      "@type": "type.googleapis.com/envoy.api.v2.Cluster",
      "name": "gloo-system-gloo-9966_gloo-system",
      "type": "EDS",
      "eds_cluster_config": {
       "eds_config": {
        "ads": {}
       }
      },
      "connect_timeout": "5s",
      "metadata": {}
     },
     "last_updated": "2020-06-18T00:56:15.188Z"
    },
    {
     "version_info": "6888522854814773442",
     "cluster": {
      "@type": "type.googleapis.com/envoy.api.v2.Cluster",
      "name": "gloo-system-gloo-9977_gloo-system",
      "type": "EDS",
      "eds_cluster_config": {
       "eds_config": {
        "ads": {}
       }
      },
      "connect_timeout": "5s",
      "http2_protocol_options": {},
      "metadata": {}
     },
     "last_updated": "2020-06-18T00:56:15.183Z"
    },
    {
     "version_info": "6888522854814773442",
     "cluster": {
      "@type": "type.googleapis.com/envoy.api.v2.Cluster",
      "name": "gloo-system-gloo-9979_gloo-system",
      "type": "EDS",
      "eds_cluster_config": {
       "eds_config": {
        "ads": {}
       }
      },
      "connect_timeout": "5s",
      "metadata": {}
     },
     "last_updated": "2020-06-18T00:56:15.183Z"
    },
    {
     "version_info": "6888522854814773442",
     "cluster": {
      "@type": "type.googleapis.com/envoy.api.v2.Cluster",
      "name": "gloo-system-gloo-9988_gloo-system",
      "type": "EDS",
      "eds_cluster_config": {
       "eds_config": {
        "ads": {}
       }
      },
      "connect_timeout": "5s",
      "http2_protocol_options": {},
      "metadata": {}
     },
     "last_updated": "2020-06-18T00:56:15.177Z"
    },
    {
     "version_info": "6888522854814773442",
     "cluster": {
      "@type": "type.googleapis.com/envoy.api.v2.Cluster",
      "name": "kube-svc:api-poi-api-8080_api",
      "type": "EDS",
      "eds_cluster_config": {
       "eds_config": {
        "ads": {}
       }
      },
      "connect_timeout": "5s",
      "metadata": {}
     },
     "last_updated": "2020-06-18T00:56:15.193Z"
    },
    {
     "version_info": "6888522854814773442",
     "cluster": {
      "@type": "type.googleapis.com/envoy.api.v2.Cluster",
      "name": "kube-svc:api-trips-api-8080_api",
      "type": "EDS",
      "eds_cluster_config": {
       "eds_config": {
        "ads": {}
       }
      },
      "connect_timeout": "5s",
      "metadata": {}
     },
     "last_updated": "2020-06-18T00:56:15.195Z"
    },
    {
     "version_info": "6888522854814773442",
     "cluster": {
      "@type": "type.googleapis.com/envoy.api.v2.Cluster",
      "name": "kube-svc:api-user-api-8080_api",
      "type": "EDS",
      "eds_cluster_config": {
       "eds_config": {
        "ads": {}
       }
      },
      "connect_timeout": "5s",
      "metadata": {}
     },
     "last_updated": "2020-06-18T00:56:15.181Z"
    },
    {
     "version_info": "6888522854814773442",
     "cluster": {
      "@type": "type.googleapis.com/envoy.api.v2.Cluster",
      "name": "kube-svc:api-userprofile-8080_api",
      "type": "EDS",
      "eds_cluster_config": {
       "eds_config": {
        "ads": {}
       }
      },
      "connect_timeout": "5s",
      "metadata": {}
     },
     "last_updated": "2020-06-18T00:56:15.171Z"
    },
    {
     "version_info": "6888522854814773442",
     "cluster": {
      "@type": "type.googleapis.com/envoy.api.v2.Cluster",
      "name": "kube-svc:default-kubernetes-443_default",
      "type": "EDS",
      "eds_cluster_config": {
       "eds_config": {
        "ads": {}
       }
      },
      "connect_timeout": "5s",
      "metadata": {}
     },
     "last_updated": "2020-06-18T00:56:15.194Z"
    },
    {
     "version_info": "6888522854814773442",
     "cluster": {
      "@type": "type.googleapis.com/envoy.api.v2.Cluster",
      "name": "kube-svc:gloo-system-gateway-443_gloo-system",
      "type": "EDS",
      "eds_cluster_config": {
       "eds_config": {
        "ads": {}
       }
      },
      "connect_timeout": "5s",
      "metadata": {}
     },
     "last_updated": "2020-06-18T00:56:15.184Z"
    },
    {
     "version_info": "6888522854814773442",
     "cluster": {
      "@type": "type.googleapis.com/envoy.api.v2.Cluster",
      "name": "kube-svc:gloo-system-gateway-proxy-443_gloo-system",
      "type": "EDS",
      "eds_cluster_config": {
       "eds_config": {
        "ads": {}
       }
      },
      "connect_timeout": "5s",
      "metadata": {}
     },
     "last_updated": "2020-06-18T00:56:15.189Z"
    },
    {
     "version_info": "6888522854814773442",
     "cluster": {
      "@type": "type.googleapis.com/envoy.api.v2.Cluster",
      "name": "kube-svc:gloo-system-gateway-proxy-80_gloo-system",
      "type": "EDS",
      "eds_cluster_config": {
       "eds_config": {
        "ads": {}
       }
      },
      "connect_timeout": "5s",
      "metadata": {}
     },
     "last_updated": "2020-06-18T00:56:15.190Z"
    },
    {
     "version_info": "6888522854814773442",
     "cluster": {
      "@type": "type.googleapis.com/envoy.api.v2.Cluster",
      "name": "kube-svc:gloo-system-gloo-9966_gloo-system",
      "type": "EDS",
      "eds_cluster_config": {
       "eds_config": {
        "ads": {}
       }
      },
      "connect_timeout": "5s",
      "metadata": {}
     },
     "last_updated": "2020-06-18T00:56:15.172Z"
    },
    {
     "version_info": "6888522854814773442",
     "cluster": {
      "@type": "type.googleapis.com/envoy.api.v2.Cluster",
      "name": "kube-svc:gloo-system-gloo-9977_gloo-system",
      "type": "EDS",
      "eds_cluster_config": {
       "eds_config": {
        "ads": {}
       }
      },
      "connect_timeout": "5s",
      "http2_protocol_options": {},
      "metadata": {}
     },
     "last_updated": "2020-06-18T00:56:15.170Z"
    },
    {
     "version_info": "6888522854814773442",
     "cluster": {
      "@type": "type.googleapis.com/envoy.api.v2.Cluster",
      "name": "kube-svc:gloo-system-gloo-9979_gloo-system",
      "type": "EDS",
      "eds_cluster_config": {
       "eds_config": {
        "ads": {}
       }
      },
      "connect_timeout": "5s",
      "metadata": {}
     },
     "last_updated": "2020-06-18T00:56:15.185Z"
    },
    {
     "version_info": "6888522854814773442",
     "cluster": {
      "@type": "type.googleapis.com/envoy.api.v2.Cluster",
      "name": "kube-svc:gloo-system-gloo-9988_gloo-system",
      "type": "EDS",
      "eds_cluster_config": {
       "eds_config": {
        "ads": {}
       }
      },
      "connect_timeout": "5s",
      "http2_protocol_options": {},
      "metadata": {}
     },
     "last_updated": "2020-06-18T00:56:15.191Z"
    },
    {
     "version_info": "6888522854814773442",
     "cluster": {
      "@type": "type.googleapis.com/envoy.api.v2.Cluster",
      "name": "kube-svc:kube-system-calico-typha-5473_kube-system",
      "type": "EDS",
      "eds_cluster_config": {
       "eds_config": {
        "ads": {}
       }
      },
      "connect_timeout": "5s",
      "metadata": {}
     },
     "last_updated": "2020-06-18T00:56:15.175Z"
    },
    {
     "version_info": "6888522854814773442",
     "cluster": {
      "@type": "type.googleapis.com/envoy.api.v2.Cluster",
      "name": "kube-svc:kube-system-kube-dns-53_kube-system",
      "type": "EDS",
      "eds_cluster_config": {
       "eds_config": {
        "ads": {}
       }
      },
      "connect_timeout": "5s",
      "metadata": {}
     },
     "last_updated": "2020-06-18T00:56:15.175Z"
    },
    {
     "version_info": "6888522854814773442",
     "cluster": {
      "@type": "type.googleapis.com/envoy.api.v2.Cluster",
      "name": "kube-svc:kube-system-metrics-server-443_kube-system",
      "type": "EDS",
      "eds_cluster_config": {
       "eds_config": {
        "ads": {}
       }
      },
      "connect_timeout": "5s",
      "metadata": {}
     },
     "last_updated": "2020-06-18T00:56:15.180Z"
    },
    {
     "version_info": "6888522854814773442",
     "cluster": {
      "@type": "type.googleapis.com/envoy.api.v2.Cluster",
      "name": "kube-svc:web-tripviewer-8080_web",
      "type": "EDS",
      "eds_cluster_config": {
       "eds_config": {
        "ads": {}
       }
      },
      "connect_timeout": "5s",
      "metadata": {}
     },
     "last_updated": "2020-06-18T00:56:15.171Z"
    },
    {
     "version_info": "6888522854814773442",
     "cluster": {
      "@type": "type.googleapis.com/envoy.api.v2.Cluster",
      "name": "kube-system-calico-typha-5473_gloo-system",
      "type": "EDS",
      "eds_cluster_config": {
       "eds_config": {
        "ads": {}
       }
      },
      "connect_timeout": "5s",
      "metadata": {}
     },
     "last_updated": "2020-06-18T00:56:15.180Z"
    },
    {
     "version_info": "6888522854814773442",
     "cluster": {
      "@type": "type.googleapis.com/envoy.api.v2.Cluster",
      "name": "kube-system-kube-dns-53_gloo-system",
      "type": "EDS",
      "eds_cluster_config": {
       "eds_config": {
        "ads": {}
       }
      },
      "connect_timeout": "5s",
      "metadata": {}
     },
     "last_updated": "2020-06-18T00:56:15.186Z"
    },
    {
     "version_info": "6888522854814773442",
     "cluster": {
      "@type": "type.googleapis.com/envoy.api.v2.Cluster",
      "name": "kube-system-metrics-server-443_gloo-system",
      "type": "EDS",
      "eds_cluster_config": {
       "eds_config": {
        "ads": {}
       }
      },
      "connect_timeout": "5s",
      "metadata": {}
     },
     "last_updated": "2020-06-18T00:56:15.187Z"
    },
    {
     "version_info": "6888522854814773442",
     "cluster": {
      "@type": "type.googleapis.com/envoy.api.v2.Cluster",
      "name": "web-tripviewer-8080_gloo-system",
      "type": "EDS",
      "eds_cluster_config": {
       "eds_config": {
        "ads": {}
       }
      },
      "connect_timeout": "5s",
      "metadata": {}
     },
     "last_updated": "2020-06-18T00:56:15.174Z"
    }
   ]
  },
  {
   "@type": "type.googleapis.com/envoy.admin.v3.ListenersConfigDump",
   "version_info": "7533495878665153453",
   "static_listeners": [
    {
     "listener": {
      "@type": "type.googleapis.com/envoy.api.v2.Listener",
      "name": "prometheus_listener",
      "address": {
       "socket_address": {
        "address": "0.0.0.0",
        "port_value": 8081
       }
      },
      "filter_chains": [
       {
        "filters": [
         {
          "name": "envoy.http_connection_manager",
          "config": {
           "codec_type": "auto",
           "http_filters": [
            {
             "config": {},
             "name": "envoy.router"
            }
           ],
           "stat_prefix": "prometheus",
           "route_config": {
            "name": "prometheus_route",
            "virtual_hosts": [
             {
              "name": "prometheus_host",
              "routes": [
               {
                "route": {
                 "cluster": "admin_port_cluster"
                },
                "match": {
                 "headers": [
                  {
                   "name": ":method",
                   "exact_match": "GET"
                  }
                 ],
                 "path": "/ready"
                }
               },
               {
                "match": {
                 "prefix": "/metrics",
                 "headers": [
                  {
                   "name": ":method",
                   "exact_match": "GET"
                  }
                 ]
                },
                "route": {
                 "cluster": "admin_port_cluster",
                 "prefix_rewrite": "/stats/prometheus"
                }
               }
              ],
              "domains": [
               "*"
              ]
             }
            ]
           }
          }
         }
        ]
       }
      ]
     },
     "last_updated": "2020-06-17T17:39:57.917Z"
    }
   ],
   "dynamic_listeners": [
    {
     "name": "listener-::-8080",
     "active_state": {
      "version_info": "7533495878665153453",
      "listener": {
       "@type": "type.googleapis.com/envoy.api.v2.Listener",
       "name": "listener-::-8080",
       "address": {
        "socket_address": {
         "address": "::",
         "port_value": 8080,
         "ipv4_compat": true
        }
       },
       "filter_chains": [
        {
         "filters": [
          {
           "name": "envoy.http_connection_manager",
           "config": {
            "upgrade_configs": [
             {
              "upgrade_type": "websocket"
             }
            ],
            "http_filters": [
             {
              "name": "envoy.fault"
             },
             {
              "name": "envoy.cors"
             },
             {
              "name": "envoy.grpc_web"
             },
             {
              "name": "io.solo.transformation"
             },
             {
              "name": "envoy.router"
             }
            ],
            "rds": {
             "route_config_name": "listener-::-8080-routes",
             "config_source": {
              "ads": {}
             }
            },
            "stat_prefix": "http",
            "normalize_path": true
           }
          }
         ],
         "use_proxy_proto": false
        }
       ]
      },
      "last_updated": "2020-06-18T00:56:15.165Z"
     }
    }
   ]
  },
  {
   "@type": "type.googleapis.com/envoy.admin.v3.ScopedRoutesConfigDump"
  },
  {
   "@type": "type.googleapis.com/envoy.admin.v3.RoutesConfigDump",
   "static_route_configs": [
    {
     "route_config": {
      "@type": "type.googleapis.com/envoy.api.v2.RouteConfiguration",
      "name": "prometheus_route",
      "virtual_hosts": [
       {
        "name": "prometheus_host",
        "domains": [
         "*"
        ],
        "routes": [
         {
          "match": {
           "path": "/ready",
           "headers": [
            {
             "name": ":method",
             "exact_match": "GET"
            }
           ]
          },
          "route": {
           "cluster": "admin_port_cluster"
          }
         },
         {
          "match": {
           "prefix": "/metrics",
           "headers": [
            {
             "name": ":method",
             "exact_match": "GET"
            }
           ]
          },
          "route": {
           "cluster": "admin_port_cluster",
           "prefix_rewrite": "/stats/prometheus"
          }
         }
        ]
       }
      ]
     },
     "last_updated": "2020-06-17T17:39:57.917Z"
    }
   ]
  },
  {
   "@type": "type.googleapis.com/envoy.admin.v3.SecretsConfigDump"
  }
 ]
}
